# JRE version: OpenJDK Runtime Environment (8.0_242-b01) (build 1.8.0_242-release-1644-b01)
# Java VM: OpenJDK 64-Bit Server VM (25.242-b01 mixed mode windows-amd64 compressed oops)
Heap:
 PSYoungGen      total 652288K, used 197418K [0x00000000d5580000, 0x0000000100000000, 0x0000000100000000)
  eden space 618496K, 31% used [0x00000000d5580000,0x00000000e164a8b0,0x00000000fb180000)
  from space 33792K, 0% used [0x00000000fb180000,0x00000000fb180000,0x00000000fd280000)
  to   space 35840K, 0% used [0x00000000fdd00000,0x00000000fdd00000,0x0000000100000000)
 ParOldGen       total 136704K, used 31963K [0x0000000080000000, 0x0000000088580000, 0x00000000d5580000)
  object space 136704K, 23% used [0x0000000080000000,0x0000000081f36d60,0x0000000088580000)
 Metaspace       used 68684K, capacity 71409K, committed 71680K, reserved 1112064K
  class space    used 8935K, capacity 9456K, committed 9472K, reserved 1048576K
GC Heap History (10 events):
Event: 80.288 GC heap before
{Heap before GC invocations=30 (full 2):
 PSYoungGen      total 530432K, used 527285K [0x00000000d5580000, 0x00000000fb680000, 0x0000000100000000)
  eden space 502784K, 100% used [0x00000000d5580000,0x00000000f4080000,0x00000000f4080000)
  from space 27648K, 88% used [0x00000000f4080000,0x00000000f586d600,0x00000000f5b80000)
  to   space 30720K, 0% used [0x00000000f9880000,0x00000000f9880000,0x00000000fb680000)
 ParOldGen       total 99840K, used 24688K [0x0000000080000000, 0x0000000086180000, 0x00000000d5580000)
  object space 99840K, 24% used [0x0000000080000000,0x000000008181c0c0,0x0000000086180000)
 Metaspace       used 51197K, capacity 53369K, committed 53504K, reserved 1095680K
  class space    used 6489K, capacity 6890K, committed 6912K, reserved 1048576K
Event: 80.313 GC heap after
Heap after GC invocations=30 (full 2):
 PSYoungGen      total 590848K, used 23816K [0x00000000d5580000, 0x00000000fbc00000, 0x0000000100000000)
  eden space 560128K, 0% used [0x00000000d5580000,0x00000000d5580000,0x00000000f7880000)
  from space 30720K, 77% used [0x00000000f9880000,0x00000000fafc21f0,0x00000000fb680000)
  to   space 32768K, 0% used [0x00000000f7880000,0x00000000f7880000,0x00000000f9880000)
 ParOldGen       total 99840K, used 24780K [0x0000000080000000, 0x0000000086180000, 0x00000000d5580000)
  object space 99840K, 24% used [0x0000000080000000,0x00000000818330f0,0x0000000086180000)
 Metaspace       used 51197K, capacity 53369K, committed 53504K, reserved 1095680K
  class space    used 6489K, capacity 6890K, committed 6912K, reserved 1048576K
}
Event: 81.655 GC heap before
{Heap before GC invocations=31 (full 2):
 PSYoungGen      total 590848K, used 583944K [0x00000000d5580000, 0x00000000fbc00000, 0x0000000100000000)
  eden space 560128K, 100% used [0x00000000d5580000,0x00000000f7880000,0x00000000f7880000)
  from space 30720K, 77% used [0x00000000f9880000,0x00000000fafc21f0,0x00000000fb680000)
  to   space 32768K, 0% used [0x00000000f7880000,0x00000000f7880000,0x00000000f9880000)
 ParOldGen       total 99840K, used 24787K [0x0000000080000000, 0x0000000086180000, 0x00000000d5580000)
  object space 99840K, 24% used [0x0000000080000000,0x0000000081834ee8,0x0000000086180000)
 Metaspace       used 51201K, capacity 53369K, committed 53504K, reserved 1095680K
  class space    used 6489K, capacity 6890K, committed 6912K, reserved 1048576K
Event: 81.677 GC heap after
Heap after GC invocations=31 (full 2):
 PSYoungGen      total 592896K, used 22421K [0x00000000d5580000, 0x00000000ffb00000, 0x0000000100000000)
  eden space 560128K, 0% used [0x00000000d5580000,0x00000000d5580000,0x00000000f7880000)
  from space 32768K, 68% used [0x00000000f7880000,0x00000000f8e656e0,0x00000000f9880000)
  to   space 33792K, 0% used [0x00000000fda00000,0x00000000fda00000,0x00000000ffb00000)
 ParOldGen       total 99840K, used 25715K [0x0000000080000000, 0x0000000086180000, 0x00000000d5580000)
  object space 99840K, 25% used [0x0000000080000000,0x000000008191cdf8,0x0000000086180000)
 Metaspace       used 51201K, capacity 53369K, committed 53504K, reserved 1095680K
  class space    used 6489K, capacity 6890K, committed 6912K, reserved 1048576K
}
Event: 84.567 GC heap before
{Heap before GC invocations=32 (full 2):
 PSYoungGen      total 592896K, used 582549K [0x00000000d5580000, 0x00000000ffb00000, 0x0000000100000000)
  eden space 560128K, 100% used [0x00000000d5580000,0x00000000f7880000,0x00000000f7880000)
  from space 32768K, 68% used [0x00000000f7880000,0x00000000f8e656e0,0x00000000f9880000)
  to   space 33792K, 0% used [0x00000000fda00000,0x00000000fda00000,0x00000000ffb00000)
 ParOldGen       total 99840K, used 25715K [0x0000000080000000, 0x0000000086180000, 0x00000000d5580000)
  object space 99840K, 25% used [0x0000000080000000,0x000000008191cdf8,0x0000000086180000)
 Metaspace       used 51237K, capacity 53445K, committed 53504K, reserved 1095680K
  class space    used 6489K, capacity 6890K, committed 6912K, reserved 1048576K
Event: 84.583 GC heap after
Heap after GC invocations=32 (full 2):
 PSYoungGen      total 644608K, used 19733K [0x00000000d5580000, 0x00000000ff380000, 0x0000000100000000)
  eden space 618496K, 0% used [0x00000000d5580000,0x00000000d5580000,0x00000000fb180000)
  from space 26112K, 75% used [0x00000000fda00000,0x00000000fed454b0,0x00000000ff380000)
  to   space 33792K, 0% used [0x00000000fb180000,0x00000000fb180000,0x00000000fd280000)
 ParOldGen       total 99840K, used 26107K [0x0000000080000000, 0x0000000086180000, 0x00000000d5580000)
  object space 99840K, 26% used [0x0000000080000000,0x000000008197edf8,0x0000000086180000)
 Metaspace       used 51237K, capacity 53445K, committed 53504K, reserved 1095680K
  class space    used 6489K, capacity 6890K, committed 6912K, reserved 1048576K
}
Event: 86.516 GC heap before
{Heap before GC invocations=33 (full 2):
 PSYoungGen      total 644608K, used 272972K [0x00000000d5580000, 0x00000000ff380000, 0x0000000100000000)
  eden space 618496K, 40% used [0x00000000d5580000,0x00000000e4ccdc78,0x00000000fb180000)
  from space 26112K, 75% used [0x00000000fda00000,0x00000000fed454b0,0x00000000ff380000)
  to   space 33792K, 0% used [0x00000000fb180000,0x00000000fb180000,0x00000000fd280000)
 ParOldGen       total 99840K, used 26107K [0x0000000080000000, 0x0000000086180000, 0x00000000d5580000)
  object space 99840K, 26% used [0x0000000080000000,0x000000008197edf8,0x0000000086180000)
 Metaspace       used 56559K, capacity 58907K, committed 59136K, reserved 1101824K
  class space    used 7136K, capacity 7589K, committed 7680K, reserved 1048576K
Event: 86.548 GC heap after
Heap after GC invocations=33 (full 2):
 PSYoungGen      total 652288K, used 25682K [0x00000000d5580000, 0x0000000100000000, 0x0000000100000000)
  eden space 618496K, 0% used [0x00000000d5580000,0x00000000d5580000,0x00000000fb180000)
  from space 33792K, 76% used [0x00000000fb180000,0x00000000fca94a50,0x00000000fd280000)
  to   space 35840K, 0% used [0x00000000fdd00000,0x00000000fdd00000,0x0000000100000000)
 ParOldGen       total 99840K, used 26435K [0x0000000080000000, 0x0000000086180000, 0x00000000d5580000)
  object space 99840K, 26% used [0x0000000080000000,0x00000000819d0df8,0x0000000086180000)
 Metaspace       used 56559K, capacity 58907K, committed 59136K, reserved 1101824K
  class space    used 7136K, capacity 7589K, committed 7680K, reserved 1048576K
}
Event: 86.548 GC heap before
{Heap before GC invocations=34 (full 3):
 PSYoungGen      total 652288K, used 25682K [0x00000000d5580000, 0x0000000100000000, 0x0000000100000000)
  eden space 618496K, 0% used [0x00000000d5580000,0x00000000d5580000,0x00000000fb180000)
  from space 33792K, 76% used [0x00000000fb180000,0x00000000fca94a50,0x00000000fd280000)
  to   space 35840K, 0% used [0x00000000fdd00000,0x00000000fdd00000,0x0000000100000000)
 ParOldGen       total 99840K, used 26435K [0x0000000080000000, 0x0000000086180000, 0x00000000d5580000)
  object space 99840K, 26% used [0x0000000080000000,0x00000000819d0df8,0x0000000086180000)
 Metaspace       used 56559K, capacity 58907K, committed 59136K, reserved 1101824K
  class space    used 7136K, capacity 7589K, committed 7680K, reserved 1048576K
Event: 86.813 GC heap after
Heap after GC invocations=34 (full 3):
 PSYoungGen      total 652288K, used 0K [0x00000000d5580000, 0x0000000100000000, 0x0000000100000000)
  eden space 618496K, 0% used [0x00000000d5580000,0x00000000d5580000,0x00000000fb180000)
  from space 33792K, 0% used [0x00000000fb180000,0x00000000fb180000,0x00000000fd280000)
  to   space 35840K, 0% used [0x00000000fdd00000,0x00000000fdd00000,0x0000000100000000)
 ParOldGen       total 136704K, used 31963K [0x0000000080000000, 0x0000000088580000, 0x00000000d5580000)
  object space 136704K, 23% used [0x0000000080000000,0x0000000081f36d60,0x0000000088580000)
 Metaspace       used 56428K, capacity 58633K, committed 59136K, reserved 1101824K
  class space    used 7096K, capacity 7535K, committed 7680K, reserved 1048576K
}

