# JRE version: OpenJDK Runtime Environment (8.0_362-b08) (build 1.8.0_362-b08)
# Java VM: OpenJDK 64-Bit Server VM (25.362-b08 mixed mode windows-amd64 compressed oops)
Heap:
 PSYoungGen      total 198656K, used 29363K [0x00000000d5580000, 0x00000000e3380000, 0x0000000100000000)
  eden space 181760K, 16% used [0x00000000d5580000,0x00000000d722cf10,0x00000000e0700000)
  from space 16896K, 0% used [0x00000000e1b80000,0x00000000e1b80000,0x00000000e2c00000)
  to   space 20992K, 0% used [0x00000000e0700000,0x00000000e0700000,0x00000000e1b80000)
 ParOldGen       total 137728K, used 36327K [0x0000000080000000, 0x0000000088680000, 0x00000000d5580000)
  object space 137728K, 26% used [0x0000000080000000,0x0000000082379fc0,0x0000000088680000)
 Metaspace       used 58153K, capacity 60546K, committed 60672K, reserved 1101824K
  class space    used 8200K, capacity 8685K, committed 8704K, reserved 1048576K
GC Heap History (10 events):
Event: 6.487 GC heap before
{Heap before GC invocations=11 (full 2):
 PSYoungGen      total 136704K, used 10225K [0x00000000d5580000, 0x00000000dfe80000, 0x0000000100000000)
  eden space 126464K, 0% used [0x00000000d5580000,0x00000000d5580000,0x00000000dd100000)
  from space 10240K, 99% used [0x00000000dd100000,0x00000000ddafc438,0x00000000ddb00000)
  to   space 11776K, 0% used [0x00000000df300000,0x00000000df300000,0x00000000dfe80000)
 ParOldGen       total 56320K, used 9204K [0x0000000080000000, 0x0000000083700000, 0x00000000d5580000)
  object space 56320K, 16% used [0x0000000080000000,0x00000000808fd248,0x0000000083700000)
 Metaspace       used 34273K, capacity 35358K, committed 35496K, reserved 1079296K
  class space    used 4780K, capacity 5041K, committed 5120K, reserved 1048576K
Event: 6.557 GC heap after
Heap after GC invocations=11 (full 2):
 PSYoungGen      total 136704K, used 0K [0x00000000d5580000, 0x00000000dfe80000, 0x0000000100000000)
  eden space 126464K, 0% used [0x00000000d5580000,0x00000000d5580000,0x00000000dd100000)
  from space 10240K, 0% used [0x00000000dd100000,0x00000000dd100000,0x00000000ddb00000)
  to   space 11776K, 0% used [0x00000000df300000,0x00000000df300000,0x00000000dfe80000)
 ParOldGen       total 89600K, used 18049K [0x0000000080000000, 0x0000000085780000, 0x00000000d5580000)
  object space 89600K, 20% used [0x0000000080000000,0x00000000811a0650,0x0000000085780000)
 Metaspace       used 34273K, capacity 35358K, committed 35496K, reserved 1079296K
  class space    used 4780K, capacity 5041K, committed 5120K, reserved 1048576K
}
Event: 8.221 GC heap before
{Heap before GC invocations=12 (full 2):
 PSYoungGen      total 136704K, used 126464K [0x00000000d5580000, 0x00000000dfe80000, 0x0000000100000000)
  eden space 126464K, 100% used [0x00000000d5580000,0x00000000dd100000,0x00000000dd100000)
  from space 10240K, 0% used [0x00000000dd100000,0x00000000dd100000,0x00000000ddb00000)
  to   space 11776K, 0% used [0x00000000df300000,0x00000000df300000,0x00000000dfe80000)
 ParOldGen       total 89600K, used 18049K [0x0000000080000000, 0x0000000085780000, 0x00000000d5580000)
  object space 89600K, 20% used [0x0000000080000000,0x00000000811a0650,0x0000000085780000)
 Metaspace       used 38097K, capacity 39668K, committed 39680K, reserved 1083392K
  class space    used 5324K, capacity 5632K, committed 5632K, reserved 1048576K
Event: 8.229 GC heap after
Heap after GC invocations=12 (full 2):
 PSYoungGen      total 161280K, used 7294K [0x00000000d5580000, 0x00000000e0680000, 0x0000000100000000)
  eden space 149504K, 0% used [0x00000000d5580000,0x00000000d5580000,0x00000000de780000)
  from space 11776K, 61% used [0x00000000df300000,0x00000000dfa1f9d8,0x00000000dfe80000)
  to   space 11776K, 0% used [0x00000000de780000,0x00000000de780000,0x00000000df300000)
 ParOldGen       total 89600K, used 18057K [0x0000000080000000, 0x0000000085780000, 0x00000000d5580000)
  object space 89600K, 20% used [0x0000000080000000,0x00000000811a2650,0x0000000085780000)
 Metaspace       used 38097K, capacity 39668K, committed 39680K, reserved 1083392K
  class space    used 5324K, capacity 5632K, committed 5632K, reserved 1048576K
}
Event: 11.493 GC heap before
{Heap before GC invocations=13 (full 2):
 PSYoungGen      total 161280K, used 156798K [0x00000000d5580000, 0x00000000e0680000, 0x0000000100000000)
  eden space 149504K, 100% used [0x00000000d5580000,0x00000000de780000,0x00000000de780000)
  from space 11776K, 61% used [0x00000000df300000,0x00000000dfa1f9d8,0x00000000dfe80000)
  to   space 11776K, 0% used [0x00000000de780000,0x00000000de780000,0x00000000df300000)
 ParOldGen       total 89600K, used 18057K [0x0000000080000000, 0x0000000085780000, 0x00000000d5580000)
  object space 89600K, 20% used [0x0000000080000000,0x00000000811a2650,0x0000000085780000)
 Metaspace       used 51670K, capacity 53716K, committed 53888K, reserved 1095680K
  class space    used 7099K, capacity 7497K, committed 7552K, reserved 1048576K
Event: 11.541 GC heap after
Heap after GC invocations=13 (full 2):
 PSYoungGen      total 161280K, used 11748K [0x00000000d5580000, 0x00000000e2c00000, 0x0000000100000000)
  eden space 149504K, 0% used [0x00000000d5580000,0x00000000d5580000,0x00000000de780000)
  from space 11776K, 99% used [0x00000000de780000,0x00000000df2f9320,0x00000000df300000)
  to   space 16896K, 0% used [0x00000000e1b80000,0x00000000e1b80000,0x00000000e2c00000)
 ParOldGen       total 89600K, used 28064K [0x0000000080000000, 0x0000000085780000, 0x00000000d5580000)
  object space 89600K, 31% used [0x0000000080000000,0x0000000081b683b0,0x0000000085780000)
 Metaspace       used 51670K, capacity 53716K, committed 53888K, reserved 1095680K
  class space    used 7099K, capacity 7497K, committed 7552K, reserved 1048576K
}
Event: 13.836 GC heap before
{Heap before GC invocations=14 (full 2):
 PSYoungGen      total 161280K, used 102364K [0x00000000d5580000, 0x00000000e2c00000, 0x0000000100000000)
  eden space 149504K, 60% used [0x00000000d5580000,0x00000000dadfe070,0x00000000de780000)
  from space 11776K, 99% used [0x00000000de780000,0x00000000df2f9320,0x00000000df300000)
  to   space 16896K, 0% used [0x00000000e1b80000,0x00000000e1b80000,0x00000000e2c00000)
 ParOldGen       total 89600K, used 28064K [0x0000000080000000, 0x0000000085780000, 0x00000000d5580000)
  object space 89600K, 31% used [0x0000000080000000,0x0000000081b683b0,0x0000000085780000)
 Metaspace       used 56937K, capacity 59094K, committed 59136K, reserved 1099776K
  class space    used 7985K, capacity 8441K, committed 8448K, reserved 1048576K
Event: 13.872 GC heap after
Heap after GC invocations=14 (full 2):
 PSYoungGen      total 198656K, used 16895K [0x00000000d5580000, 0x00000000e3380000, 0x0000000100000000)
  eden space 181760K, 0% used [0x00000000d5580000,0x00000000d5580000,0x00000000e0700000)
  from space 16896K, 99% used [0x00000000e1b80000,0x00000000e2bffc40,0x00000000e2c00000)
  to   space 20992K, 0% used [0x00000000e0700000,0x00000000e0700000,0x00000000e1b80000)
 ParOldGen       total 89600K, used 33158K [0x0000000080000000, 0x0000000085780000, 0x00000000d5580000)
  object space 89600K, 37% used [0x0000000080000000,0x0000000082061b78,0x0000000085780000)
 Metaspace       used 56937K, capacity 59094K, committed 59136K, reserved 1099776K
  class space    used 7985K, capacity 8441K, committed 8448K, reserved 1048576K
}
Event: 13.872 GC heap before
{Heap before GC invocations=15 (full 3):
 PSYoungGen      total 198656K, used 16895K [0x00000000d5580000, 0x00000000e3380000, 0x0000000100000000)
  eden space 181760K, 0% used [0x00000000d5580000,0x00000000d5580000,0x00000000e0700000)
  from space 16896K, 99% used [0x00000000e1b80000,0x00000000e2bffc40,0x00000000e2c00000)
  to   space 20992K, 0% used [0x00000000e0700000,0x00000000e0700000,0x00000000e1b80000)
 ParOldGen       total 89600K, used 33158K [0x0000000080000000, 0x0000000085780000, 0x00000000d5580000)
  object space 89600K, 37% used [0x0000000080000000,0x0000000082061b78,0x0000000085780000)
 Metaspace       used 56937K, capacity 59094K, committed 59136K, reserved 1099776K
  class space    used 7985K, capacity 8441K, committed 8448K, reserved 1048576K
Event: 14.137 GC heap after
Heap after GC invocations=15 (full 3):
 PSYoungGen      total 198656K, used 0K [0x00000000d5580000, 0x00000000e3380000, 0x0000000100000000)
  eden space 181760K, 0% used [0x00000000d5580000,0x00000000d5580000,0x00000000e0700000)
  from space 16896K, 0% used [0x00000000e1b80000,0x00000000e1b80000,0x00000000e2c00000)
  to   space 20992K, 0% used [0x00000000e0700000,0x00000000e0700000,0x00000000e1b80000)
 ParOldGen       total 137728K, used 36327K [0x0000000080000000, 0x0000000088680000, 0x00000000d5580000)
  object space 137728K, 26% used [0x0000000080000000,0x0000000082379fc0,0x0000000088680000)
 Metaspace       used 56924K, capacity 59052K, committed 59136K, reserved 1099776K
  class space    used 7981K, capacity 8434K, committed 8448K, reserved 1048576K
}

